[2020-04-21 04:36:04 CEST] [Exception] Exception message: Communications link failure

The last packet sent successfully to the server was 0 milliseconds ago. The driver has not received any packets from the server.
[2020-04-21 04:36:04 CEST] [Exception] 
	at com.mysql.cj.jdbc.exceptions.SQLError.createCommunicationsException()
	at com.mysql.cj.jdbc.exceptions.SQLExceptionsMapping.translateException()
	at com.mysql.cj.jdbc.ConnectionImpl.createNewIO()
	at com.mysql.cj.jdbc.ConnectionImpl.<init>()
	at com.mysql.cj.jdbc.ConnectionImpl.getInstance()
	at com.mysql.cj.jdbc.NonRegisteringDriver.connect()
	at java.sql.DriverManager.getConnection()
	at java.sql.DriverManager.getConnection()
	at model.DatabaseManager.createConnection()
	at model.DatabaseManager.executeQuery()
	at model.DatabaseManager.checkSchema()
	at model.DatabaseManager.<init>()
	at model.Main.<clinit>()
	at jdk.internal.reflect.NativeConstructorAccessorImpl.newInstance0()
	at jdk.internal.reflect.NativeConstructorAccessorImpl.newInstance()
	at jdk.internal.reflect.DelegatingConstructorAccessorImpl.newInstance()
	at java.lang.reflect.Constructor.newInstanceWithCaller()
	at java.lang.reflect.Constructor.newInstance()
	at com.sun.javafx.application.LauncherImpl.lambda$launchApplication1$8()
	at com.sun.javafx.application.PlatformImpl.lambda$runAndWait$12()
	at com.sun.javafx.application.PlatformImpl.lambda$runLater$10()
	at java.security.AccessController.doPrivileged()
	at com.sun.javafx.application.PlatformImpl.lambda$runLater$11()
	at com.sun.glass.ui.InvokeLaterDispatcher$Future.run()
[2020-04-21 04:36:04 CEST] [Exception] 
	at model.DatabaseManager.executeQuery()
	at model.DatabaseManager.checkSchema()
	at model.DatabaseManager.<init>()
	at model.Main.<clinit>()
	at jdk.internal.reflect.NativeConstructorAccessorImpl.newInstance0()
	at jdk.internal.reflect.NativeConstructorAccessorImpl.newInstance()
	at jdk.internal.reflect.DelegatingConstructorAccessorImpl.newInstance()
	at java.lang.reflect.Constructor.newInstanceWithCaller()
	at java.lang.reflect.Constructor.newInstance()
	at com.sun.javafx.application.LauncherImpl.lambda$launchApplication1$8()
	at com.sun.javafx.application.PlatformImpl.lambda$runAndWait$12()
	at com.sun.javafx.application.PlatformImpl.lambda$runLater$10()
	at java.security.AccessController.doPrivileged()
	at com.sun.javafx.application.PlatformImpl.lambda$runLater$11()
	at com.sun.glass.ui.InvokeLaterDispatcher$Future.run()
[2020-04-21 04:36:04 CEST] [Exception] Exception message: null
[2020-04-21 04:36:27 CEST] [Exception] Exception message: Communications link failure

The last packet sent successfully to the server was 0 milliseconds ago. The driver has not received any packets from the server.
[2020-04-21 04:36:27 CEST] [Exception] Exception message: null
[2020-04-21 04:36:27 CEST] [Exception] 
	at model.DatabaseManager.executeQuery()
	at model.DatabaseManager.checkSchema()
	at model.DatabaseManager.<init>()
	at model.Main.<clinit>()
	at jdk.internal.reflect.NativeConstructorAccessorImpl.newInstance0()
	at jdk.internal.reflect.NativeConstructorAccessorImpl.newInstance()
	at jdk.internal.reflect.DelegatingConstructorAccessorImpl.newInstance()
	at java.lang.reflect.Constructor.newInstanceWithCaller()
	at java.lang.reflect.Constructor.newInstance()
	at com.sun.javafx.application.LauncherImpl.lambda$launchApplication1$8()
	at com.sun.javafx.application.PlatformImpl.lambda$runAndWait$12()
	at com.sun.javafx.application.PlatformImpl.lambda$runLater$10()
	at java.security.AccessController.doPrivileged()
	at com.sun.javafx.application.PlatformImpl.lambda$runLater$11()
	at com.sun.glass.ui.InvokeLaterDispatcher$Future.run()
[2020-04-21 04:36:27 CEST] [Exception] 
	at com.mysql.cj.jdbc.exceptions.SQLError.createCommunicationsException()
	at com.mysql.cj.jdbc.exceptions.SQLExceptionsMapping.translateException()
	at com.mysql.cj.jdbc.ConnectionImpl.createNewIO()
	at com.mysql.cj.jdbc.ConnectionImpl.<init>()
	at com.mysql.cj.jdbc.ConnectionImpl.getInstance()
	at com.mysql.cj.jdbc.NonRegisteringDriver.connect()
	at java.sql.DriverManager.getConnection()
	at java.sql.DriverManager.getConnection()
	at model.DatabaseManager.createConnection()
	at model.DatabaseManager.executeQuery()
	at model.DatabaseManager.checkSchema()
	at model.DatabaseManager.<init>()
	at model.Main.<clinit>()
	at jdk.internal.reflect.NativeConstructorAccessorImpl.newInstance0()
	at jdk.internal.reflect.NativeConstructorAccessorImpl.newInstance()
	at jdk.internal.reflect.DelegatingConstructorAccessorImpl.newInstance()
	at java.lang.reflect.Constructor.newInstanceWithCaller()
	at java.lang.reflect.Constructor.newInstance()
	at com.sun.javafx.application.LauncherImpl.lambda$launchApplication1$8()
	at com.sun.javafx.application.PlatformImpl.lambda$runAndWait$12()
	at com.sun.javafx.application.PlatformImpl.lambda$runLater$10()
	at java.security.AccessController.doPrivileged()
	at com.sun.javafx.application.PlatformImpl.lambda$runLater$11()
	at com.sun.glass.ui.InvokeLaterDispatcher$Future.run()
[2020-04-21 04:37:35 CEST] [Exception] Exception message: Communications link failure

The last packet sent successfully to the server was 0 milliseconds ago. The driver has not received any packets from the server.
[2020-04-21 04:37:35 CEST] [Exception] Exception message: null
[2020-04-21 04:37:35 CEST] [Exception] 
	at model.DatabaseManager.executeQuery()
	at model.DatabaseManager.checkSchema()
	at model.DatabaseManager.<init>()
	at model.Main.<clinit>()
	at jdk.internal.reflect.NativeConstructorAccessorImpl.newInstance0()
	at jdk.internal.reflect.NativeConstructorAccessorImpl.newInstance()
	at jdk.internal.reflect.DelegatingConstructorAccessorImpl.newInstance()
	at java.lang.reflect.Constructor.newInstanceWithCaller()
	at java.lang.reflect.Constructor.newInstance()
	at com.sun.javafx.application.LauncherImpl.lambda$launchApplication1$8()
	at com.sun.javafx.application.PlatformImpl.lambda$runAndWait$12()
	at com.sun.javafx.application.PlatformImpl.lambda$runLater$10()
	at java.security.AccessController.doPrivileged()
	at com.sun.javafx.application.PlatformImpl.lambda$runLater$11()
	at com.sun.glass.ui.InvokeLaterDispatcher$Future.run()
[2020-04-21 04:37:35 CEST] [Exception] 
	at com.mysql.cj.jdbc.exceptions.SQLError.createCommunicationsException()
	at com.mysql.cj.jdbc.exceptions.SQLExceptionsMapping.translateException()
	at com.mysql.cj.jdbc.ConnectionImpl.createNewIO()
	at com.mysql.cj.jdbc.ConnectionImpl.<init>()
	at com.mysql.cj.jdbc.ConnectionImpl.getInstance()
	at com.mysql.cj.jdbc.NonRegisteringDriver.connect()
	at java.sql.DriverManager.getConnection()
	at java.sql.DriverManager.getConnection()
	at model.DatabaseManager.createConnection()
	at model.DatabaseManager.executeQuery()
	at model.DatabaseManager.checkSchema()
	at model.DatabaseManager.<init>()
	at model.Main.<clinit>()
	at jdk.internal.reflect.NativeConstructorAccessorImpl.newInstance0()
	at jdk.internal.reflect.NativeConstructorAccessorImpl.newInstance()
	at jdk.internal.reflect.DelegatingConstructorAccessorImpl.newInstance()
	at java.lang.reflect.Constructor.newInstanceWithCaller()
	at java.lang.reflect.Constructor.newInstance()
	at com.sun.javafx.application.LauncherImpl.lambda$launchApplication1$8()
	at com.sun.javafx.application.PlatformImpl.lambda$runAndWait$12()
	at com.sun.javafx.application.PlatformImpl.lambda$runLater$10()
	at java.security.AccessController.doPrivileged()
	at com.sun.javafx.application.PlatformImpl.lambda$runLater$11()
	at com.sun.glass.ui.InvokeLaterDispatcher$Future.run()
[2020-04-21 04:38:14 CEST] [Exception] Exception message: Communications link failure

The last packet sent successfully to the server was 0 milliseconds ago. The driver has not received any packets from the server.
[2020-04-21 04:38:14 CEST] [Exception] Exception message: null
[2020-04-21 04:38:14 CEST] [Exception] 
	at model.DatabaseManager.executeQuery()
	at model.DatabaseManager.checkSchema()
	at model.DatabaseManager.<init>()
	at model.Main.<clinit>()
	at jdk.internal.reflect.NativeConstructorAccessorImpl.newInstance0()
	at jdk.internal.reflect.NativeConstructorAccessorImpl.newInstance()
	at jdk.internal.reflect.DelegatingConstructorAccessorImpl.newInstance()
	at java.lang.reflect.Constructor.newInstanceWithCaller()
	at java.lang.reflect.Constructor.newInstance()
	at com.sun.javafx.application.LauncherImpl.lambda$launchApplication1$8()
	at com.sun.javafx.application.PlatformImpl.lambda$runAndWait$12()
	at com.sun.javafx.application.PlatformImpl.lambda$runLater$10()
	at java.security.AccessController.doPrivileged()
	at com.sun.javafx.application.PlatformImpl.lambda$runLater$11()
	at com.sun.glass.ui.InvokeLaterDispatcher$Future.run()
[2020-04-21 04:38:14 CEST] [Exception] 
	at com.mysql.cj.jdbc.exceptions.SQLError.createCommunicationsException()
	at com.mysql.cj.jdbc.exceptions.SQLExceptionsMapping.translateException()
	at com.mysql.cj.jdbc.ConnectionImpl.createNewIO()
	at com.mysql.cj.jdbc.ConnectionImpl.<init>()
	at com.mysql.cj.jdbc.ConnectionImpl.getInstance()
	at com.mysql.cj.jdbc.NonRegisteringDriver.connect()
	at java.sql.DriverManager.getConnection()
	at java.sql.DriverManager.getConnection()
	at model.DatabaseManager.createConnection()
	at model.DatabaseManager.executeQuery()
	at model.DatabaseManager.checkSchema()
	at model.DatabaseManager.<init>()
	at model.Main.<clinit>()
	at jdk.internal.reflect.NativeConstructorAccessorImpl.newInstance0()
	at jdk.internal.reflect.NativeConstructorAccessorImpl.newInstance()
	at jdk.internal.reflect.DelegatingConstructorAccessorImpl.newInstance()
	at java.lang.reflect.Constructor.newInstanceWithCaller()
	at java.lang.reflect.Constructor.newInstance()
	at com.sun.javafx.application.LauncherImpl.lambda$launchApplication1$8()
	at com.sun.javafx.application.PlatformImpl.lambda$runAndWait$12()
	at com.sun.javafx.application.PlatformImpl.lambda$runLater$10()
	at java.security.AccessController.doPrivileged()
	at com.sun.javafx.application.PlatformImpl.lambda$runLater$11()
	at com.sun.glass.ui.InvokeLaterDispatcher$Future.run()
[2020-04-21 04:39:27 CEST] [Exception] Exception message: Communications link failure

The last packet sent successfully to the server was 0 milliseconds ago. The driver has not received any packets from the server.
[2020-04-21 04:39:27 CEST] [Exception] Exception message: null
[2020-04-21 04:39:27 CEST] [Exception] 
	at model.DatabaseManager.executeQuery()
	at model.DatabaseManager.checkSchema()
	at model.DatabaseManager.<init>()
	at model.Main.<clinit>()
	at jdk.internal.reflect.NativeConstructorAccessorImpl.newInstance0()
	at jdk.internal.reflect.NativeConstructorAccessorImpl.newInstance()
	at jdk.internal.reflect.DelegatingConstructorAccessorImpl.newInstance()
	at java.lang.reflect.Constructor.newInstanceWithCaller()
	at java.lang.reflect.Constructor.newInstance()
	at com.sun.javafx.application.LauncherImpl.lambda$launchApplication1$8()
	at com.sun.javafx.application.PlatformImpl.lambda$runAndWait$12()
	at com.sun.javafx.application.PlatformImpl.lambda$runLater$10()
	at java.security.AccessController.doPrivileged()
	at com.sun.javafx.application.PlatformImpl.lambda$runLater$11()
	at com.sun.glass.ui.InvokeLaterDispatcher$Future.run()
[2020-04-21 04:39:27 CEST] [Exception] 
	at com.mysql.cj.jdbc.exceptions.SQLError.createCommunicationsException()
	at com.mysql.cj.jdbc.exceptions.SQLExceptionsMapping.translateException()
	at com.mysql.cj.jdbc.ConnectionImpl.createNewIO()
	at com.mysql.cj.jdbc.ConnectionImpl.<init>()
	at com.mysql.cj.jdbc.ConnectionImpl.getInstance()
	at com.mysql.cj.jdbc.NonRegisteringDriver.connect()
	at java.sql.DriverManager.getConnection()
	at java.sql.DriverManager.getConnection()
	at model.DatabaseManager.createConnection()
	at model.DatabaseManager.executeQuery()
	at model.DatabaseManager.checkSchema()
	at model.DatabaseManager.<init>()
	at model.Main.<clinit>()
	at jdk.internal.reflect.NativeConstructorAccessorImpl.newInstance0()
	at jdk.internal.reflect.NativeConstructorAccessorImpl.newInstance()
	at jdk.internal.reflect.DelegatingConstructorAccessorImpl.newInstance()
	at java.lang.reflect.Constructor.newInstanceWithCaller()
	at java.lang.reflect.Constructor.newInstance()
	at com.sun.javafx.application.LauncherImpl.lambda$launchApplication1$8()
	at com.sun.javafx.application.PlatformImpl.lambda$runAndWait$12()
	at com.sun.javafx.application.PlatformImpl.lambda$runLater$10()
	at java.security.AccessController.doPrivileged()
	at com.sun.javafx.application.PlatformImpl.lambda$runLater$11()
	at com.sun.glass.ui.InvokeLaterDispatcher$Future.run()
